[2021-05-04T13:25:31.070] [INFO] file - [App/Http/Controller/UserController] message - [testing log] [
  {
    _id: 609036550a9dee10d6f2586e,
    username: 'Alex2 Igbokwe',
    email: 'alex2@yahoo.com',
    password: '$2a$08$graB36unXi9u02boYrN.gOF7C5TTAUOofVoclJ8xnea8sbdsFmm6a',
    __v: 0
  },
  [ { 'total document': 2 } ]
]
[2021-05-04T13:26:22.867] [INFO] console - [App/Http/Controller/UserController] message - [testing log] [
  {
    _id: 609036550a9dee10d6f2586e,
    username: 'Alex2 Igbokwe',
    email: 'alex2@yahoo.com',
    password: '$2a$08$graB36unXi9u02boYrN.gOF7C5TTAUOofVoclJ8xnea8sbdsFmm6a',
    __v: 0
  },
  [ { 'total document': 2 } ]
]
[2021-05-04T13:26:39.027] [ERROR] console - [App/Http/Controller/UserController] message - [testing log] [
  {
    _id: 609036550a9dee10d6f2586e,
    username: 'Alex2 Igbokwe',
    email: 'alex2@yahoo.com',
    password: '$2a$08$graB36unXi9u02boYrN.gOF7C5TTAUOofVoclJ8xnea8sbdsFmm6a',
    __v: 0
  },
  [ { 'total document': 2 } ]
]
[2021-05-04T13:26:56.791] [DEBUG] console - [App/Http/Controller/UserController] message - [testing log] [
  {
    _id: 609036550a9dee10d6f2586e,
    username: 'Alex2 Igbokwe',
    email: 'alex2@yahoo.com',
    password: '$2a$08$graB36unXi9u02boYrN.gOF7C5TTAUOofVoclJ8xnea8sbdsFmm6a',
    __v: 0
  },
  [ { 'total document': 2 } ]
]
[2021-05-04T13:27:47.610] [DEBUG] console - [App/Http/Controller/UserController] message - [testing log] [
  {
    _id: 609036550a9dee10d6f2586e,
    username: 'Alex2 Igbokwe',
    email: 'alex2@yahoo.com',
    password: '$2a$08$graB36unXi9u02boYrN.gOF7C5TTAUOofVoclJ8xnea8sbdsFmm6a',
    __v: 0
  },
  [ { 'total document': 2 } ]
]
[2021-05-04T13:41:36.425] [ERROR] file - [App/Http/Controller/UserController] message - [testing log]
